<?xml version="1.0" encoding="UTF-8"?>
<!-- Generated by org.testng.reporters.JUnitXMLReporter -->
<testsuite ignored="8" hostname="DESKTOP-FBMB0MM" failures="1" tests="8" name="Test" time="202.521" errors="0" timestamp="2021-09-17T12:02:41 IST">
  <testcase classname="com.crm.autodesk.OpportunitiesTests.TC_28_CreateFilterWithoutMandatoryFieldsWithSaveTest" name="createFilterWithMandatoryFieldsWithoutSaveTest" time="17.915"/>
  <testcase classname="com.crm.autodesk.OpportunitiesTests.TC_27_CreateOpportunitiesWithFilterCreatedTest" name="createOpportunitiesWithFilterCreatedTest" time="19.89"/>
  <testcase classname="com.crm.autodesk.OpportunitiesTests.TC_30_CreateFilterafterclickoneEditFilterTest" name="createFilterafterclickoneEditFilterTest" time="20.694"/>
  <testcase classname="com.crm.autodesk.OpportunitiesTests.TC_29_CreateFilterWithMandatoryFieldsWithCancelTest" name="createFilterWithMandatoryFieldsWithCancelTest" time="14.197"/>
  <testcase classname="com.crm.autodesk.OpportunitiesTests.TC_26_CreateOpportunitiesWithFilterViewnameTest" name="creatOpportunitiesWithFilterViewnameTest" time="19.664">
    <skipped/>
  </testcase> <!-- creatOpportunitiesWithFilterViewnameTest -->
  <testcase classname="com.crm.autodesk.OpportunitiesTests.TC_26_CreateOpportunitiesWithFilterViewnameTest" name="creatOpportunitiesWithFilterViewnameTest" time="19.353">
    <skipped/>
  </testcase> <!-- creatOpportunitiesWithFilterViewnameTest -->
  <testcase classname="com.crm.autodesk.OpportunitiesTests.TC_26_CreateOpportunitiesWithFilterViewnameTest" name="creatOpportunitiesWithFilterViewnameTest" time="20.011">
    <skipped/>
  </testcase> <!-- creatOpportunitiesWithFilterViewnameTest -->
  <testcase classname="com.crm.autodesk.OpportunitiesTests.TC_26_CreateOpportunitiesWithFilterViewnameTest" name="creatOpportunitiesWithFilterViewnameTest" time="16.885">
    <failure type="java.lang.AssertionError" message="expected [true] but found [false]">
      <![CDATA[java.lang.AssertionError: expected [true] but found [false]
at com.crm.autodesk.OpportunitiesTests.TC_26_CreateOpportunitiesWithFilterViewnameTest.creatOpportunitiesWithFilterViewnameTest(TC_26_CreateOpportunitiesWithFilterViewnameTest.java:72)
at java.base/java.util.ArrayList.forEach(ArrayList.java:1511)
... Removed 33 stack frames]]>
    </failure>
  </testcase> <!-- creatOpportunitiesWithFilterViewnameTest -->
  <testcase classname="com.crm.autodesk.genericUtility.BaseClass" name="@AfterSuite closeDB" time="0.0">
    <ignored/>
  </testcase> <!-- @AfterSuite closeDB -->
  <testcase classname="com.crm.autodesk.genericUtility.BaseClass" name="@AfterSuite closeDB" time="0.0">
    <ignored/>
  </testcase> <!-- @AfterSuite closeDB -->
  <testcase classname="com.crm.autodesk.genericUtility.BaseClass" name="@AfterSuite closeDB" time="0.0">
    <ignored/>
  </testcase> <!-- @AfterSuite closeDB -->
  <testcase classname="com.crm.autodesk.genericUtility.BaseClass" name="@AfterSuite closeDB" time="0.0">
    <ignored/>
  </testcase> <!-- @AfterSuite closeDB -->
  <testcase classname="com.crm.autodesk.genericUtility.BaseClass" name="@BeforeSuite connectDB" time="0.0">
    <ignored/>
  </testcase> <!-- @BeforeSuite connectDB -->
  <testcase classname="com.crm.autodesk.genericUtility.BaseClass" name="@BeforeSuite connectDB" time="0.0">
    <ignored/>
  </testcase> <!-- @BeforeSuite connectDB -->
  <testcase classname="com.crm.autodesk.genericUtility.BaseClass" name="@BeforeSuite connectDB" time="0.0">
    <ignored/>
  </testcase> <!-- @BeforeSuite connectDB -->
  <testcase classname="com.crm.autodesk.genericUtility.BaseClass" name="@BeforeSuite connectDB" time="0.0">
    <ignored/>
  </testcase> <!-- @BeforeSuite connectDB -->
</testsuite> <!-- Test -->
