<?xml version="1.0" encoding="UTF-8"?>
<!-- Generated by org.testng.reporters.JUnitXMLReporter -->
<testsuite ignored="8" hostname="DESKTOP-FBMB0MM" failures="0" tests="5" name="Test_Runner_Chrome" time="147.259" errors="0" timestamp="2021-10-04T18:37:41 IST">
  <testcase classname="com.crm.autodesk.OpportunitiesTests.TC_28_CreateFilterWithoutMandatoryFieldsWithSaveTest" name="createFilterWithMandatoryFieldsWithoutSaveTest" time="18.279"/>
  <testcase classname="com.crm.autodesk.OpportunitiesTests.TC_27_CreateOpportunitiesWithFilterCreatedTest" name="createOpportunitiesWithFilterCreatedTest" time="23.162"/>
  <testcase classname="com.crm.autodesk.OpportunitiesTests.TC_30_CreateFilterafterclickoneEditFilterTest" name="createFilterafterclickoneEditFilterTest" time="24.226"/>
  <testcase classname="com.crm.autodesk.OpportunitiesTests.TC_29_CreateFilterWithMandatoryFieldsWithCancelTest" name="createFilterWithMandatoryFieldsWithCancelTest" time="15.217"/>
  <testcase classname="com.crm.autodesk.OpportunitiesTests.TC_26_CreateOpportunitiesWithFilterViewnameTest" name="creatOpportunitiesWithFilterViewnameTest" time="20.449"/>
  <testcase classname="com.crm.autodesk.genericUtility.BaseClass" name="@AfterSuite closeDB" time="0.0">
    <ignored/>
  </testcase> <!-- @AfterSuite closeDB -->
  <testcase classname="com.crm.autodesk.genericUtility.BaseClass" name="@AfterSuite closeDB" time="0.0">
    <ignored/>
  </testcase> <!-- @AfterSuite closeDB -->
  <testcase classname="com.crm.autodesk.genericUtility.BaseClass" name="@AfterSuite closeDB" time="0.0">
    <ignored/>
  </testcase> <!-- @AfterSuite closeDB -->
  <testcase classname="com.crm.autodesk.genericUtility.BaseClass" name="@AfterSuite closeDB" time="0.0">
    <ignored/>
  </testcase> <!-- @AfterSuite closeDB -->
  <testcase classname="com.crm.autodesk.genericUtility.BaseClass" name="@BeforeSuite connectDB" time="0.0">
    <ignored/>
  </testcase> <!-- @BeforeSuite connectDB -->
  <testcase classname="com.crm.autodesk.genericUtility.BaseClass" name="@BeforeSuite connectDB" time="0.0">
    <ignored/>
  </testcase> <!-- @BeforeSuite connectDB -->
  <testcase classname="com.crm.autodesk.genericUtility.BaseClass" name="@BeforeSuite connectDB" time="0.0">
    <ignored/>
  </testcase> <!-- @BeforeSuite connectDB -->
  <testcase classname="com.crm.autodesk.genericUtility.BaseClass" name="@BeforeSuite connectDB" time="0.0">
    <ignored/>
  </testcase> <!-- @BeforeSuite connectDB -->
</testsuite> <!-- Test_Runner_Chrome -->
